mode: set
github.com/axywe/filmotheka_vk/internal/middleware/middleware.go:11.58,12.71 1 1
github.com/axywe/filmotheka_vk/internal/middleware/middleware.go:12.71,15.23 3 1
github.com/axywe/filmotheka_vk/internal/middleware/middleware.go:15.23,18.4 2 1
github.com/axywe/filmotheka_vk/internal/middleware/middleware.go:19.3,20.84 2 1
github.com/axywe/filmotheka_vk/internal/middleware/middleware.go:20.84,22.4 1 1
github.com/axywe/filmotheka_vk/internal/middleware/middleware.go:24.3,24.17 1 1
github.com/axywe/filmotheka_vk/internal/middleware/middleware.go:24.17,27.4 2 1
github.com/axywe/filmotheka_vk/internal/middleware/middleware.go:28.3,28.68 1 1
github.com/axywe/filmotheka_vk/internal/middleware/middleware.go:28.68,29.48 1 1
github.com/axywe/filmotheka_vk/internal/middleware/middleware.go:29.48,30.18 1 1
github.com/axywe/filmotheka_vk/internal/middleware/middleware.go:30.18,32.6 1 1
github.com/axywe/filmotheka_vk/internal/middleware/middleware.go:32.11,32.55 1 1
github.com/axywe/filmotheka_vk/internal/middleware/middleware.go:32.55,34.6 1 1
github.com/axywe/filmotheka_vk/internal/middleware/middleware.go:34.11,36.6 1 1
github.com/axywe/filmotheka_vk/internal/middleware/middleware.go:37.10,39.5 1 1
github.com/axywe/filmotheka_vk/pkg/movie/movie.go:28.38,30.2 1 1
github.com/axywe/filmotheka_vk/pkg/movie/movie.go:32.69,33.18 1 1
github.com/axywe/filmotheka_vk/pkg/movie/movie.go:34.23,35.22 1 1
github.com/axywe/filmotheka_vk/pkg/movie/movie.go:36.22,37.22 1 1
github.com/axywe/filmotheka_vk/pkg/movie/movie.go:38.25,39.22 1 1
github.com/axywe/filmotheka_vk/pkg/movie/movie.go:40.22,41.20 1 1
github.com/axywe/filmotheka_vk/pkg/movie/movie.go:42.10,43.83 1 0
github.com/axywe/filmotheka_vk/pkg/movie/movie.go:59.71,61.59 2 1
github.com/axywe/filmotheka_vk/pkg/movie/movie.go:61.59,64.3 2 0
github.com/axywe/filmotheka_vk/pkg/movie/movie.go:65.2,65.19 1 1
github.com/axywe/filmotheka_vk/pkg/movie/movie.go:65.19,68.3 2 0
github.com/axywe/filmotheka_vk/pkg/movie/movie.go:68.8,68.39 1 1
github.com/axywe/filmotheka_vk/pkg/movie/movie.go:68.39,71.3 2 0
github.com/axywe/filmotheka_vk/pkg/movie/movie.go:72.2,72.39 1 1
github.com/axywe/filmotheka_vk/pkg/movie/movie.go:72.39,75.3 2 0
github.com/axywe/filmotheka_vk/pkg/movie/movie.go:76.2,76.35 1 1
github.com/axywe/filmotheka_vk/pkg/movie/movie.go:76.35,79.3 2 0
github.com/axywe/filmotheka_vk/pkg/movie/movie.go:80.2,83.16 4 1
github.com/axywe/filmotheka_vk/pkg/movie/movie.go:83.16,86.3 2 0
github.com/axywe/filmotheka_vk/pkg/movie/movie.go:88.2,89.52 2 1
github.com/axywe/filmotheka_vk/pkg/movie/movie.go:104.71,106.59 2 1
github.com/axywe/filmotheka_vk/pkg/movie/movie.go:106.59,109.3 2 0
github.com/axywe/filmotheka_vk/pkg/movie/movie.go:111.2,115.19 4 1
github.com/axywe/filmotheka_vk/pkg/movie/movie.go:115.19,119.3 3 1
github.com/axywe/filmotheka_vk/pkg/movie/movie.go:120.2,120.25 1 1
github.com/axywe/filmotheka_vk/pkg/movie/movie.go:120.25,124.3 3 1
github.com/axywe/filmotheka_vk/pkg/movie/movie.go:125.2,125.29 1 1
github.com/axywe/filmotheka_vk/pkg/movie/movie.go:125.29,129.3 3 1
github.com/axywe/filmotheka_vk/pkg/movie/movie.go:130.2,130.19 1 1
github.com/axywe/filmotheka_vk/pkg/movie/movie.go:130.19,133.3 2 1
github.com/axywe/filmotheka_vk/pkg/movie/movie.go:135.2,142.16 5 1
github.com/axywe/filmotheka_vk/pkg/movie/movie.go:142.16,145.3 2 0
github.com/axywe/filmotheka_vk/pkg/movie/movie.go:147.2,147.47 1 1
github.com/axywe/filmotheka_vk/pkg/movie/movie.go:161.71,163.14 2 1
github.com/axywe/filmotheka_vk/pkg/movie/movie.go:163.14,166.3 2 0
github.com/axywe/filmotheka_vk/pkg/movie/movie.go:168.2,170.16 3 1
github.com/axywe/filmotheka_vk/pkg/movie/movie.go:170.16,173.3 2 0
github.com/axywe/filmotheka_vk/pkg/movie/movie.go:175.2,177.16 3 1
github.com/axywe/filmotheka_vk/pkg/movie/movie.go:177.16,180.3 2 0
github.com/axywe/filmotheka_vk/pkg/movie/movie.go:182.2,183.16 2 1
github.com/axywe/filmotheka_vk/pkg/movie/movie.go:183.16,186.3 2 0
github.com/axywe/filmotheka_vk/pkg/movie/movie.go:187.2,187.23 1 1
github.com/axywe/filmotheka_vk/pkg/movie/movie.go:187.23,190.3 2 0
github.com/axywe/filmotheka_vk/pkg/movie/movie.go:192.2,192.61 1 1
github.com/axywe/filmotheka_vk/pkg/movie/movie.go:204.69,208.18 3 1
github.com/axywe/filmotheka_vk/pkg/movie/movie.go:208.18,210.3 1 1
github.com/axywe/filmotheka_vk/pkg/movie/movie.go:212.2,213.73 2 1
github.com/axywe/filmotheka_vk/pkg/movie/movie.go:213.73,215.3 1 1
github.com/axywe/filmotheka_vk/pkg/movie/movie.go:216.2,217.71 2 1
github.com/axywe/filmotheka_vk/pkg/movie/movie.go:217.71,219.3 1 1
github.com/axywe/filmotheka_vk/pkg/movie/movie.go:219.8,221.3 1 0
github.com/axywe/filmotheka_vk/pkg/movie/movie.go:223.2,226.16 4 1
github.com/axywe/filmotheka_vk/pkg/movie/movie.go:226.16,229.3 2 0
github.com/axywe/filmotheka_vk/pkg/movie/movie.go:230.2,233.18 3 1
github.com/axywe/filmotheka_vk/pkg/movie/movie.go:233.18,235.95 2 1
github.com/axywe/filmotheka_vk/pkg/movie/movie.go:235.95,238.4 2 0
github.com/axywe/filmotheka_vk/pkg/movie/movie.go:239.3,239.29 1 1
github.com/axywe/filmotheka_vk/pkg/movie/movie.go:241.2,241.35 1 1
github.com/axywe/filmotheka_vk/pkg/movie/movie.go:241.35,244.3 2 0
github.com/axywe/filmotheka_vk/pkg/movie/movie.go:245.2,245.22 1 1
github.com/axywe/filmotheka_vk/pkg/movie/movie.go:245.22,248.3 2 1
github.com/axywe/filmotheka_vk/pkg/movie/movie.go:249.2,249.52 1 1
github.com/axywe/filmotheka_vk/pkg/actor/actor.go:33.38,35.2 1 1
github.com/axywe/filmotheka_vk/pkg/actor/actor.go:37.69,38.18 1 1
github.com/axywe/filmotheka_vk/pkg/actor/actor.go:39.23,40.22 1 1
github.com/axywe/filmotheka_vk/pkg/actor/actor.go:41.22,42.22 1 1
github.com/axywe/filmotheka_vk/pkg/actor/actor.go:43.25,44.22 1 1
github.com/axywe/filmotheka_vk/pkg/actor/actor.go:45.22,46.20 1 1
github.com/axywe/filmotheka_vk/pkg/actor/actor.go:47.10,48.83 1 1
github.com/axywe/filmotheka_vk/pkg/actor/actor.go:64.71,66.59 2 1
github.com/axywe/filmotheka_vk/pkg/actor/actor.go:66.59,69.3 2 0
github.com/axywe/filmotheka_vk/pkg/actor/actor.go:71.2,74.16 4 1
github.com/axywe/filmotheka_vk/pkg/actor/actor.go:74.16,77.3 2 0
github.com/axywe/filmotheka_vk/pkg/actor/actor.go:79.2,81.33 2 1
github.com/axywe/filmotheka_vk/pkg/actor/actor.go:81.33,84.17 3 1
github.com/axywe/filmotheka_vk/pkg/actor/actor.go:84.17,85.40 1 1
github.com/axywe/filmotheka_vk/pkg/actor/actor.go:85.40,86.23 1 1
github.com/axywe/filmotheka_vk/pkg/actor/actor.go:87.18,89.12 2 1
github.com/axywe/filmotheka_vk/pkg/actor/actor.go:90.13,92.12 2 0
github.com/axywe/filmotheka_vk/pkg/actor/actor.go:95.4,96.10 2 0
github.com/axywe/filmotheka_vk/pkg/actor/actor.go:100.2,100.52 1 1
github.com/axywe/filmotheka_vk/pkg/actor/actor.go:115.71,117.59 2 1
github.com/axywe/filmotheka_vk/pkg/actor/actor.go:117.59,120.3 2 0
github.com/axywe/filmotheka_vk/pkg/actor/actor.go:121.2,124.18 3 1
github.com/axywe/filmotheka_vk/pkg/actor/actor.go:124.18,127.3 2 1
github.com/axywe/filmotheka_vk/pkg/actor/actor.go:128.2,128.20 1 1
github.com/axywe/filmotheka_vk/pkg/actor/actor.go:128.20,131.3 2 1
github.com/axywe/filmotheka_vk/pkg/actor/actor.go:132.2,132.27 1 1
github.com/axywe/filmotheka_vk/pkg/actor/actor.go:132.27,135.3 2 1
github.com/axywe/filmotheka_vk/pkg/actor/actor.go:137.2,137.21 1 1
github.com/axywe/filmotheka_vk/pkg/actor/actor.go:137.21,140.17 3 1
github.com/axywe/filmotheka_vk/pkg/actor/actor.go:140.17,143.4 2 0
github.com/axywe/filmotheka_vk/pkg/actor/actor.go:146.2,147.16 2 1
github.com/axywe/filmotheka_vk/pkg/actor/actor.go:147.16,150.3 2 0
github.com/axywe/filmotheka_vk/pkg/actor/actor.go:152.2,153.35 2 1
github.com/axywe/filmotheka_vk/pkg/actor/actor.go:153.35,155.3 1 1
github.com/axywe/filmotheka_vk/pkg/actor/actor.go:156.2,156.33 1 1
github.com/axywe/filmotheka_vk/pkg/actor/actor.go:156.33,157.33 1 1
github.com/axywe/filmotheka_vk/pkg/actor/actor.go:157.33,159.18 2 1
github.com/axywe/filmotheka_vk/pkg/actor/actor.go:159.18,162.5 2 0
github.com/axywe/filmotheka_vk/pkg/actor/actor.go:163.9,165.18 2 1
github.com/axywe/filmotheka_vk/pkg/actor/actor.go:165.18,168.5 2 0
github.com/axywe/filmotheka_vk/pkg/actor/actor.go:170.3,170.37 1 1
github.com/axywe/filmotheka_vk/pkg/actor/actor.go:173.2,173.49 1 1
github.com/axywe/filmotheka_vk/pkg/actor/actor.go:173.49,175.17 2 1
github.com/axywe/filmotheka_vk/pkg/actor/actor.go:175.17,178.4 2 0
github.com/axywe/filmotheka_vk/pkg/actor/actor.go:181.2,181.47 1 1
github.com/axywe/filmotheka_vk/pkg/actor/actor.go:195.71,197.14 2 1
github.com/axywe/filmotheka_vk/pkg/actor/actor.go:197.14,200.3 2 1
github.com/axywe/filmotheka_vk/pkg/actor/actor.go:202.2,204.16 3 1
github.com/axywe/filmotheka_vk/pkg/actor/actor.go:204.16,207.3 2 0
github.com/axywe/filmotheka_vk/pkg/actor/actor.go:209.2,211.16 3 1
github.com/axywe/filmotheka_vk/pkg/actor/actor.go:211.16,214.3 2 0
github.com/axywe/filmotheka_vk/pkg/actor/actor.go:216.2,217.16 2 1
github.com/axywe/filmotheka_vk/pkg/actor/actor.go:217.16,220.3 2 0
github.com/axywe/filmotheka_vk/pkg/actor/actor.go:221.2,221.23 1 1
github.com/axywe/filmotheka_vk/pkg/actor/actor.go:221.23,224.3 2 0
github.com/axywe/filmotheka_vk/pkg/actor/actor.go:226.2,226.61 1 1
github.com/axywe/filmotheka_vk/pkg/actor/actor.go:238.69,242.16 3 1
github.com/axywe/filmotheka_vk/pkg/actor/actor.go:242.16,245.3 2 0
github.com/axywe/filmotheka_vk/pkg/actor/actor.go:246.2,248.18 2 1
github.com/axywe/filmotheka_vk/pkg/actor/actor.go:248.18,251.17 3 1
github.com/axywe/filmotheka_vk/pkg/actor/actor.go:251.17,254.4 2 0
github.com/axywe/filmotheka_vk/pkg/actor/actor.go:255.3,255.29 1 1
github.com/axywe/filmotheka_vk/pkg/actor/actor.go:258.2,258.31 1 1
github.com/axywe/filmotheka_vk/pkg/actor/actor.go:258.31,260.17 2 1
github.com/axywe/filmotheka_vk/pkg/actor/actor.go:260.17,262.12 2 0
github.com/axywe/filmotheka_vk/pkg/actor/actor.go:264.3,264.33 1 1
github.com/axywe/filmotheka_vk/pkg/actor/actor.go:266.2,266.19 1 1
github.com/axywe/filmotheka_vk/pkg/actor/actor.go:266.19,269.3 2 0
github.com/axywe/filmotheka_vk/pkg/actor/actor.go:271.2,271.52 1 1
github.com/axywe/filmotheka_vk/pkg/actor/actor.go:274.72,279.16 4 1
github.com/axywe/filmotheka_vk/pkg/actor/actor.go:279.16,281.3 1 0
github.com/axywe/filmotheka_vk/pkg/actor/actor.go:282.2,284.18 2 1
github.com/axywe/filmotheka_vk/pkg/actor/actor.go:284.18,286.52 2 1
github.com/axywe/filmotheka_vk/pkg/actor/actor.go:286.52,288.4 1 0
github.com/axywe/filmotheka_vk/pkg/actor/actor.go:289.3,289.29 1 1
github.com/axywe/filmotheka_vk/pkg/actor/actor.go:292.2,292.20 1 1
github.com/axywe/filmotheka_vk/internal/auth/auth.go:24.63,29.2 1 1
github.com/axywe/filmotheka_vk/internal/auth/auth.go:41.81,48.2 2 1
github.com/axywe/filmotheka_vk/internal/auth/auth.go:62.69,63.33 1 1
github.com/axywe/filmotheka_vk/internal/auth/auth.go:63.33,66.3 2 1
github.com/axywe/filmotheka_vk/internal/auth/auth.go:68.2,69.63 2 1
github.com/axywe/filmotheka_vk/internal/auth/auth.go:69.63,72.3 2 1
github.com/axywe/filmotheka_vk/internal/auth/auth.go:74.2,79.157 2 1
github.com/axywe/filmotheka_vk/internal/auth/auth.go:79.157,80.27 1 1
github.com/axywe/filmotheka_vk/internal/auth/auth.go:80.27,82.4 1 1
github.com/axywe/filmotheka_vk/internal/auth/auth.go:82.9,84.4 1 1
github.com/axywe/filmotheka_vk/internal/auth/auth.go:85.3,85.9 1 1
github.com/axywe/filmotheka_vk/internal/auth/auth.go:88.2,88.101 1 1
github.com/axywe/filmotheka_vk/internal/auth/auth.go:88.101,91.3 2 1
github.com/axywe/filmotheka_vk/internal/auth/auth.go:93.2,94.16 2 1
github.com/axywe/filmotheka_vk/internal/auth/auth.go:94.16,97.3 2 1
github.com/axywe/filmotheka_vk/internal/auth/auth.go:99.2,99.79 1 1
